C:\USERS\USER\DOCUMENTS\VISUAL STUDIO 2012\PROJECTS\HWSALAHBT\HWSALAHBT\DEBUG\BTREEADT.OBJ
C:\USERS\USER\DOCUMENTS\VISUAL STUDIO 2012\PROJECTS\HWSALAHBT\HWSALAHBT\DEBUG\BTREENODE.OBJ
C:\USERS\USER\DOCUMENTS\VISUAL STUDIO 2012\PROJECTS\HWSALAHBT\HWSALAHBT\DEBUG\SOURCE.OBJ
C:\USERS\USER\DOCUMENTS\VISUAL STUDIO 2012\PROJECTS\HWSALAHBT\HWSALAHBT\DEBUG\VC110.PDB
C:\USERS\USER\DOCUMENTS\VISUAL STUDIO 2012\PROJECTS\HWSALAHBT\DEBUG\HWSALAHBT.ILK
C:\USERS\USER\DOCUMENTS\VISUAL STUDIO 2012\PROJECTS\HWSALAHBT\DEBUG\HWSALAHBT.EXE
C:\USERS\USER\DOCUMENTS\VISUAL STUDIO 2012\PROJECTS\HWSALAHBT\DEBUG\HWSALAHBT.PDB
C:\Users\user\documents\visual studio 2012\Projects\hwsalahbt\hwsalahbt\Debug\BTreeADT.obj
C:\Users\user\documents\visual studio 2012\Projects\hwsalahbt\hwsalahbt\Debug\BTreeNode.obj
C:\Users\user\documents\visual studio 2012\Projects\hwsalahbt\hwsalahbt\Debug\Source.obj
C:\Users\user\documents\visual studio 2012\Projects\hwsalahbt\hwsalahbt\Debug\cl.command.1.tlog
C:\Users\user\documents\visual studio 2012\Projects\hwsalahbt\hwsalahbt\Debug\CL.read.1.tlog
C:\Users\user\documents\visual studio 2012\Projects\hwsalahbt\hwsalahbt\Debug\CL.write.1.tlog
C:\Users\user\documents\visual studio 2012\Projects\hwsalahbt\hwsalahbt\Debug\link-cvtres.read.1.tlog
C:\Users\user\documents\visual studio 2012\Projects\hwsalahbt\hwsalahbt\Debug\link-cvtres.write.1.tlog
C:\Users\user\documents\visual studio 2012\Projects\hwsalahbt\hwsalahbt\Debug\link-rc.read.1.tlog
C:\Users\user\documents\visual studio 2012\Projects\hwsalahbt\hwsalahbt\Debug\link-rc.write.1.tlog
C:\Users\user\documents\visual studio 2012\Projects\hwsalahbt\hwsalahbt\Debug\link.command.1.tlog
C:\Users\user\documents\visual studio 2012\Projects\hwsalahbt\hwsalahbt\Debug\link.read.1.tlog
C:\Users\user\documents\visual studio 2012\Projects\hwsalahbt\hwsalahbt\Debug\link.write.1.tlog
C:\Users\user\documents\visual studio 2012\Projects\hwsalahbt\hwsalahbt\Debug\vc110.idb
C:\Users\user\documents\visual studio 2012\Projects\hwsalahbt\hwsalahbt\Debug\vc110.pdb
C:\Users\user\documents\visual studio 2012\Projects\hwsalahbt\Debug\hwsalahbt.pdb
C:\Users\user\documents\visual studio 2012\Projects\hwsalahbt\Debug\hwsalahbt.exe
C:\Users\user\documents\visual studio 2012\Projects\hwsalahbt\Debug\hwsalahbt.ilk
